g:\programming\vs\datastructure\algorithm\debug\vc140.pdb
g:\programming\vs\datastructure\algorithm\debug\vc140.idb
g:\programming\vs\datastructure\algorithm\debug\free_sl.obj
g:\programming\vs\datastructure\algorithm\debug\getelem_l.obj
g:\programming\vs\datastructure\algorithm\debug\gettop.obj
g:\programming\vs\datastructure\algorithm\debug\initlist_sq.obj
g:\programming\vs\datastructure\algorithm\debug\initspace_sl.obj
g:\programming\vs\datastructure\algorithm\debug\initstack.obj
g:\programming\vs\datastructure\algorithm\debug\listdelete_l.obj
g:\programming\vs\datastructure\algorithm\debug\listdelete_sq.obj
g:\programming\vs\datastructure\algorithm\debug\listinsert_l.obj
g:\programming\vs\datastructure\algorithm\debug\listinsert_sq.obj
g:\programming\vs\datastructure\algorithm\debug\locateelem_sl.obj
g:\programming\vs\datastructure\algorithm\debug\locateelem_sq.obj
g:\programming\vs\datastructure\algorithm\debug\main.obj
g:\programming\vs\datastructure\algorithm\debug\malloc_sl.obj
g:\programming\vs\datastructure\algorithm\debug\mergelist_l.obj
g:\programming\vs\datastructure\algorithm\debug\mergelist_sq.obj
g:\programming\vs\datastructure\algorithm\debug\pop.obj
g:\programming\vs\datastructure\algorithm\debug\push.obj
g:\programming\vs\datastructure\algorithm\debug\stackempty.obj
g:\programming\vs\datastructure\algorithm\debug\stackfull.obj
g:\programming\vs\datastructure\algorithm\debug\createlist_l.obj
g:\programming\vs\datastructure\algorithm\debug\destroyqueue.obj
g:\programming\vs\datastructure\algorithm\debug\initqueue.obj
g:\programming\vs\datastructure\algorithm\debug\dequeue_l.obj
g:\programming\vs\datastructure\algorithm\debug\dequeue_sq.obj
g:\programming\vs\datastructure\algorithm\debug\destroyqueue_l.obj
g:\programming\vs\datastructure\algorithm\debug\enqueue_l.obj
g:\programming\vs\datastructure\algorithm\debug\enqueue_sq.obj
g:\programming\vs\datastructure\algorithm\debug\initqueue_l.obj
g:\programming\vs\datastructure\algorithm\debug\initqueue_sq.obj
g:\programming\vs\datastructure\algorithm\debug\queuelength_sq.obj
g:\programming\vs\datastructure\algorithm\debug\preordertraverse.obj
g:\programming\vs\datastructure\algorithm\debug\inordertraverse.obj
g:\programming\vs\datastructure\algorithm\debug\createbitree.obj
g:\programming\vs\datastructure\debug\algorithm.ilk
g:\programming\vs\datastructure\debug\algorithm.exe
g:\programming\vs\datastructure\debug\algorithm.pdb
g:\programming\vs\datastructure\algorithm\debug\algorithm.tlog\cl.command.1.tlog
g:\programming\vs\datastructure\algorithm\debug\algorithm.tlog\cl.read.1.tlog
g:\programming\vs\datastructure\algorithm\debug\algorithm.tlog\cl.write.1.tlog
g:\programming\vs\datastructure\algorithm\debug\algorithm.tlog\link.command.1.tlog
g:\programming\vs\datastructure\algorithm\debug\algorithm.tlog\link.read.1.tlog
g:\programming\vs\datastructure\algorithm\debug\algorithm.tlog\link.write.1.tlog
